2026-03-01 08:00:00 WARNING Kernel noticed unusual authentication load
2026-03-01 08:01:27 INFO Unexpected network traffic spike
2026-03-01 08:02:37 WARNING Configuration integrity warning
2026-03-01 08:02:59 ERROR Possible brute force behavior identified
2026-03-01 08:04:20 INFO Repeated credential mismatch detected
2026-03-01 08:05:25 CRITICAL System load increased during auth attempts
2026-03-01 08:06:54 WARNING Possible brute force behavior identified
2026-03-01 08:07:25 WARNING Unexpected network traffic spike
2026-03-01 08:07:49 ERROR Unexpected network traffic spike
2026-03-01 08:08:42 CRITICAL Unexpected network traffic spike
2026-03-01 08:09:12 INFO Repeated credential mismatch detected
2026-03-01 08:10:04 CRITICAL Repeated credential mismatch detected
2026-03-01 08:10:42 INFO Kernel noticed unusual authentication load
2026-03-01 08:11:05 ERROR Auth service response delay detected
2026-03-01 08:11:39 CRITICAL Subsystem reported anomaly in request patterns
2026-03-01 08:12:14 WARNING Subsystem reported anomaly in request patterns
2026-03-01 08:12:59 CRITICAL Configuration integrity warning
2026-03-01 08:13:31 CRITICAL Unexpected network traffic spike
2026-03-01 08:14:44 INFO Repeated credential mismatch detected
2026-03-01 08:15:08 CRITICAL Possible brute force behavior identified
2026-03-01 08:16:00 ERROR Repeated credential mismatch detected
2026-03-01 08:16:25 ERROR Security module flagged suspicious activity
2026-03-01 08:17:07 ERROR Security module flagged suspicious activity
2026-03-01 08:18:28 ERROR Repeated credential mismatch detected
2026-03-01 08:19:31 INFO Unexpected network traffic spike
2026-03-01 08:19:55 INFO Subsystem reported anomaly in request patterns
2026-03-01 08:21:14 CRITICAL Configuration integrity warning
2026-03-01 08:22:00 INFO Security module flagged suspicious activity
2026-03-01 08:23:20 INFO System load increased during auth attempts
2026-03-01 08:24:07 INFO Configuration integrity warning
2026-03-01 08:25:06 INFO Unexpected network traffic spike
2026-03-01 08:26:00 ERROR Possible brute force behavior identified
2026-03-01 08:26:46 CRITICAL Configuration integrity warning
2026-03-01 08:27:08 ERROR Subsystem reported anomaly in request patterns
2026-03-01 08:27:47 WARNING Kernel noticed unusual authentication load
2026-03-01 08:28:52 INFO Configuration integrity warning
2026-03-01 08:29:29 INFO System load increased during auth attempts
2026-03-01 08:30:12 ERROR Configuration integrity warning
2026-03-01 08:31:07 WARNING Security module flagged suspicious activity
2026-03-01 08:31:41 INFO Subsystem reported anomaly in request patterns
2026-03-01 08:32:50 ERROR Kernel noticed unusual authentication load
2026-03-01 08:34:04 CRITICAL Repeated credential mismatch detected
2026-03-01 08:34:36 ERROR Subsystem reported anomaly in request patterns
2026-03-01 08:35:11 ERROR Auth service response delay detected
2026-03-01 08:35:38 CRITICAL System load increased during auth attempts
2026-03-01 08:36:22 ERROR Configuration integrity warning
2026-03-01 08:36:43 CRITICAL Multiple rapid login attempts logged
2026-03-01 08:37:50 ERROR System load increased during auth attempts
2026-03-01 08:38:49 ERROR Possible brute force behavior identified
2026-03-01 08:39:30 INFO Auth service response delay detected
2026-03-01 08:40:36 ERROR Auth service response delay detected
2026-03-01 08:41:22 ERROR Subsystem reported anomaly in request patterns
2026-03-01 08:42:48 WARNING Security module flagged suspicious activity
2026-03-01 08:44:11 CRITICAL Possible brute force behavior identified
2026-03-01 08:45:26 WARNING Multiple rapid login attempts logged
2026-03-01 08:46:05 WARNING Configuration integrity warning
2026-03-01 08:47:17 CRITICAL Multiple rapid login attempts logged
2026-03-01 08:48:12 CRITICAL Repeated credential mismatch detected
2026-03-01 08:48:55 CRITICAL Unexpected network traffic spike
2026-03-01 08:50:24 INFO Repeated credential mismatch detected
2026-03-01 08:51:26 CRITICAL Possible brute force behavior identified
2026-03-01 16:52:19 ERROR Possible brute force behavior identified
2026-03-01 16:52:54 ERROR Repeated credential mismatch detected
2026-03-01 16:53:48 CRITICAL Kernel noticed unusual authentication load
2026-03-01 16:54:11 INFO Subsystem reported anomaly in request patterns
2026-03-01 16:54:52 CRITICAL Repeated credential mismatch detected
2026-03-01 16:56:05 CRITICAL Unexpected network traffic spike
2026-03-01 16:57:25 WARNING Subsystem reported anomaly in request patterns
2026-03-01 16:57:53 WARNING Repeated credential mismatch detected
2026-03-01 16:58:59 ERROR Unexpected network traffic spike
2026-03-01 16:59:44 WARNING Security module flagged suspicious activity
2026-03-01 17:01:11 ERROR Possible brute force behavior identified
2026-03-01 17:02:05 ERROR Subsystem reported anomaly in request patterns
2026-03-01 17:02:44 ERROR Subsystem reported anomaly in request patterns
2026-03-01 17:03:10 ERROR Unexpected network traffic spike
2026-03-01 17:04:31 ERROR Repeated credential mismatch detected
2026-03-01 17:05:55 CRITICAL Repeated credential mismatch detected
2026-03-01 17:06:18 ERROR Subsystem reported anomaly in request patterns
2026-03-01 17:07:03 WARNING Auth service response delay detected
2026-03-01 17:08:17 INFO Repeated credential mismatch detected
2026-03-01 17:09:42 ERROR Repeated credential mismatch detected
2026-03-01 17:10:04 INFO System load increased during auth attempts
2026-03-01 17:10:59 WARNING Subsystem reported anomaly in request patterns
2026-03-01 17:11:53 INFO Unexpected network traffic spike
2026-03-01 17:12:44 ERROR Repeated credential mismatch detected
2026-03-01 17:13:29 INFO Unexpected network traffic spike
2026-03-01 17:14:07 WARNING System load increased during auth attempts
2026-03-01 17:14:48 CRITICAL Multiple rapid login attempts logged
2026-03-01 17:16:16 CRITICAL System load increased during auth attempts
2026-03-01 17:17:40 WARNING Multiple rapid login attempts logged
2026-03-01 17:18:06 INFO Kernel noticed unusual authentication load
2026-03-01 17:19:04 INFO Subsystem reported anomaly in request patterns
2026-03-01 17:20:28 ERROR Security module flagged suspicious activity
2026-03-01 17:21:51 INFO Multiple rapid login attempts logged
2026-03-01 17:23:08 ERROR Repeated credential mismatch detected
2026-03-01 17:23:51 ERROR Kernel noticed unusual authentication load
2026-03-01 17:25:15 CRITICAL Configuration integrity warning
2026-03-01 17:26:21 ERROR Security module flagged suspicious activity
2026-03-01 17:27:39 ERROR Auth service response delay detected
2026-03-01 17:28:41 ERROR Multiple rapid login attempts logged
2026-03-01 17:30:10 INFO System load increased during auth attempts
2026-03-01 17:31:11 INFO Configuration integrity warning
2026-03-01 17:31:57 ERROR Subsystem reported anomaly in request patterns
2026-03-01 17:33:07 WARNING Possible brute force behavior identified
2026-03-01 17:34:13 WARNING Configuration integrity warning
2026-03-01 17:34:53 CRITICAL Kernel noticed unusual authentication load
2026-03-01 17:35:31 WARNING Unexpected network traffic spike
2026-03-01 17:36:57 ERROR Unexpected network traffic spike
2026-03-01 17:37:48 WARNING Unexpected network traffic spike
2026-03-01 17:38:49 WARNING Unexpected network traffic spike
2026-03-01 17:40:14 CRITICAL Security module flagged suspicious activity
2026-03-01 17:41:01 CRITICAL Repeated credential mismatch detected
2026-03-01 17:42:01 CRITICAL System load increased during auth attempts
2026-03-01 17:42:54 WARNING Configuration integrity warning
2026-03-01 17:44:02 ERROR Kernel noticed unusual authentication load
2026-03-01 17:44:51 INFO Kernel noticed unusual authentication load
2026-03-01 17:45:13 ERROR Security module flagged suspicious activity
2026-03-01 17:46:14 ERROR Auth service response delay detected
2026-03-01 17:47:19 WARNING System load increased during auth attempts
2026-03-01 17:48:25 INFO Kernel noticed unusual authentication load
2026-03-01 17:49:45 CRITICAL Kernel noticed unusual authentication load
2026-03-02 01:50:32 WARNING Kernel noticed unusual authentication load
2026-03-02 01:51:25 ERROR Possible brute force behavior identified
2026-03-02 01:52:31 CRITICAL Possible brute force behavior identified
2026-03-02 01:53:55 ERROR Repeated credential mismatch detected
2026-03-02 01:54:48 CRITICAL Security module flagged suspicious activity
2026-03-02 01:55:14 CRITICAL Security module flagged suspicious activity
2026-03-02 01:55:44 CRITICAL Kernel noticed unusual authentication load
2026-03-02 01:56:19 ERROR Possible brute force behavior identified
2026-03-02 01:57:45 WARNING Configuration integrity warning
2026-03-02 01:59:11 WARNING Possible brute force behavior identified
2026-03-02 02:00:20 WARNING Auth service response delay detected
2026-03-02 02:01:28 CRITICAL Unexpected network traffic spike
2026-03-02 02:02:58 CRITICAL Security module flagged suspicious activity
2026-03-02 02:04:04 INFO Possible brute force behavior identified
2026-03-02 02:04:52 CRITICAL Possible brute force behavior identified
2026-03-02 02:05:29 INFO Auth service response delay detected
2026-03-02 02:06:59 INFO Repeated credential mismatch detected
2026-03-02 02:08:15 INFO Auth service response delay detected
2026-03-02 02:08:40 INFO Unexpected network traffic spike
2026-03-02 02:09:01 WARNING Multiple rapid login attempts logged
2026-03-02 02:10:21 ERROR Configuration integrity warning
2026-03-02 02:11:27 INFO Security module flagged suspicious activity
2026-03-02 02:12:07 INFO Repeated credential mismatch detected
2026-03-02 02:13:04 INFO Security module flagged suspicious activity
2026-03-02 02:13:42 WARNING Auth service response delay detected
2026-03-02 02:14:48 ERROR Kernel noticed unusual authentication load
2026-03-02 02:15:27 CRITICAL Repeated credential mismatch detected
2026-03-02 02:16:19 WARNING Unexpected network traffic spike
2026-03-02 02:17:49 CRITICAL Kernel noticed unusual authentication load
2026-03-02 02:18:09 WARNING System load increased during auth attempts
2026-03-02 02:19:32 INFO Unexpected network traffic spike
2026-03-02 02:20:40 CRITICAL Auth service response delay detected
2026-03-02 02:21:56 WARNING Auth service response delay detected
2026-03-02 02:22:39 CRITICAL Auth service response delay detected
2026-03-02 02:23:40 CRITICAL System load increased during auth attempts
2026-03-02 02:24:24 INFO Unexpected network traffic spike
2026-03-02 02:24:50 CRITICAL Unexpected network traffic spike
2026-03-02 02:25:48 ERROR Multiple rapid login attempts logged
2026-03-02 02:27:14 WARNING Repeated credential mismatch detected
2026-03-02 02:27:44 INFO Possible brute force behavior identified
2026-03-02 02:28:39 WARNING Auth service response delay detected
2026-03-02 02:30:06 ERROR Multiple rapid login attempts logged
2026-03-02 02:31:12 CRITICAL Auth service response delay detected
2026-03-02 02:32:09 CRITICAL Subsystem reported anomaly in request patterns
2026-03-02 02:32:45 INFO Subsystem reported anomaly in request patterns
2026-03-02 02:34:00 WARNING Security module flagged suspicious activity
2026-03-02 02:34:41 CRITICAL Unexpected network traffic spike
2026-03-02 02:35:06 ERROR Repeated credential mismatch detected
2026-03-02 02:36:30 ERROR Multiple rapid login attempts logged
2026-03-02 02:37:42 INFO Possible brute force behavior identified
2026-03-02 02:38:34 ERROR Configuration integrity warning
2026-03-02 02:38:57 WARNING Multiple rapid login attempts logged
2026-03-02 02:39:50 WARNING Auth service response delay detected
2026-03-02 02:40:20 WARNING Multiple rapid login attempts logged
2026-03-02 02:41:15 CRITICAL Unexpected network traffic spike
2026-03-02 02:42:15 WARNING Security module flagged suspicious activity
2026-03-02 02:42:55 INFO Configuration integrity warning
2026-03-02 02:43:47 INFO Kernel noticed unusual authentication load
2026-03-02 02:45:05 ERROR Configuration integrity warning
2026-03-02 02:46:20 ERROR System load increased during auth attempts
2026-03-02 10:46:53 CRITICAL Kernel noticed unusual authentication load
2026-03-02 10:48:02 WARNING Auth service response delay detected
2026-03-02 10:48:24 ERROR System load increased during auth attempts
2026-03-02 10:49:01 INFO Possible brute force behavior identified
2026-03-02 10:50:21 INFO Unexpected network traffic spike
2026-03-02 10:50:41 INFO Auth service response delay detected
2026-03-02 10:51:07 INFO Security module flagged suspicious activity
2026-03-02 10:52:30 CRITICAL System load increased during auth attempts
2026-03-02 10:53:52 ERROR Kernel noticed unusual authentication load
2026-03-02 10:55:13 CRITICAL Kernel noticed unusual authentication load
2026-03-02 10:56:05 CRITICAL Unexpected network traffic spike
2026-03-02 10:56:33 INFO Auth service response delay detected
2026-03-02 10:56:53 INFO Multiple rapid login attempts logged
2026-03-02 10:58:09 WARNING Kernel noticed unusual authentication load
2026-03-02 10:59:21 WARNING System load increased during auth attempts
2026-03-02 11:00:51 CRITICAL Repeated credential mismatch detected
2026-03-02 11:02:15 WARNING Unexpected network traffic spike
2026-03-02 11:03:13 INFO Unexpected network traffic spike
2026-03-02 11:04:17 WARNING Possible brute force behavior identified
2026-03-02 11:05:14 WARNING Repeated credential mismatch detected
2026-03-02 11:05:37 ERROR Possible brute force behavior identified
2026-03-02 11:06:33 ERROR Possible brute force behavior identified
2026-03-02 11:06:54 ERROR Subsystem reported anomaly in request patterns
2026-03-02 11:07:22 INFO Auth service response delay detected
2026-03-02 11:08:21 WARNING Auth service response delay detected
2026-03-02 11:08:42 INFO Auth service response delay detected
2026-03-02 11:09:02 INFO Kernel noticed unusual authentication load
2026-03-02 11:09:46 INFO System load increased during auth attempts
2026-03-02 11:10:47 WARNING Multiple rapid login attempts logged
2026-03-02 11:11:33 WARNING Kernel noticed unusual authentication load
2026-03-02 11:12:54 ERROR Security module flagged suspicious activity
2026-03-02 11:13:18 CRITICAL Repeated credential mismatch detected
2026-03-02 11:14:06 CRITICAL Kernel noticed unusual authentication load
2026-03-02 11:15:14 ERROR Kernel noticed unusual authentication load
2026-03-02 11:16:01 CRITICAL Unexpected network traffic spike
2026-03-02 11:17:17 WARNING Repeated credential mismatch detected
2026-03-02 11:18:33 INFO Security module flagged suspicious activity
2026-03-02 11:19:32 ERROR Kernel noticed unusual authentication load
2026-03-02 11:20:25 CRITICAL Multiple rapid login attempts logged
2026-03-02 11:21:12 WARNING Security module flagged suspicious activity
2026-03-02 11:22:22 INFO Auth service response delay detected
2026-03-02 11:23:32 CRITICAL Security module flagged suspicious activity
2026-03-02 11:24:28 INFO Unexpected network traffic spike
2026-03-02 11:25:19 WARNING Unexpected network traffic spike
2026-03-02 11:26:26 ERROR System load increased during auth attempts
2026-03-02 11:27:43 WARNING Auth service response delay detected
2026-03-02 11:28:58 INFO Configuration integrity warning
2026-03-02 11:29:22 CRITICAL Auth service response delay detected
2026-03-02 11:29:58 ERROR Security module flagged suspicious activity
2026-03-02 11:30:26 WARNING Subsystem reported anomaly in request patterns
2026-03-02 11:31:37 ERROR Possible brute force behavior identified
2026-03-02 11:32:04 CRITICAL Auth service response delay detected
2026-03-02 11:32:34 INFO Unexpected network traffic spike
2026-03-02 11:33:44 CRITICAL Possible brute force behavior identified
2026-03-02 11:35:09 WARNING Auth service response delay detected
2026-03-02 11:36:38 ERROR Repeated credential mismatch detected
2026-03-02 11:37:51 WARNING Repeated credential mismatch detected
2026-03-02 11:38:59 WARNING Configuration integrity warning
2026-03-02 11:40:06 WARNING Subsystem reported anomaly in request patterns
2026-03-02 11:40:39 ERROR Subsystem reported anomaly in request patterns
2026-03-02 19:41:58 WARNING Kernel noticed unusual authentication load
2026-03-02 19:42:18 INFO System load increased during auth attempts
2026-03-02 19:43:18 WARNING Repeated credential mismatch detected
2026-03-02 19:44:10 CRITICAL Unexpected network traffic spike
2026-03-02 19:44:43 CRITICAL Auth service response delay detected
2026-03-02 19:45:21 WARNING Auth service response delay detected
2026-03-02 19:46:04 ERROR Kernel noticed unusual authentication load
2026-03-02 19:46:56 WARNING Configuration integrity warning
2026-03-02 19:47:28 INFO Auth service response delay detected
2026-03-02 19:48:30 CRITICAL Configuration integrity warning
2026-03-02 19:48:57 WARNING Possible brute force behavior identified
2026-03-02 19:49:18 ERROR Multiple rapid login attempts logged
2026-03-02 19:50:42 INFO System load increased during auth attempts
2026-03-02 19:51:28 INFO Subsystem reported anomaly in request patterns
2026-03-02 19:52:20 CRITICAL Subsystem reported anomaly in request patterns
2026-03-02 19:53:13 ERROR Unexpected network traffic spike
2026-03-02 19:54:43 CRITICAL Possible brute force behavior identified
2026-03-02 19:55:45 CRITICAL Auth service response delay detected
2026-03-02 19:56:46 ERROR Configuration integrity warning
2026-03-02 19:57:42 ERROR Unexpected network traffic spike
2026-03-02 19:58:22 CRITICAL Unexpected network traffic spike
2026-03-02 19:59:14 CRITICAL Multiple rapid login attempts logged
2026-03-02 20:00:21 CRITICAL Possible brute force behavior identified
2026-03-02 20:01:15 INFO Repeated credential mismatch detected
2026-03-02 20:02:31 CRITICAL Auth service response delay detected
2026-03-02 20:03:20 CRITICAL Configuration integrity warning
2026-03-02 20:03:59 CRITICAL Subsystem reported anomaly in request patterns
2026-03-02 20:04:33 ERROR Subsystem reported anomaly in request patterns
2026-03-02 20:05:52 CRITICAL Unexpected network traffic spike
2026-03-02 20:07:12 WARNING Subsystem reported anomaly in request patterns
2026-03-02 20:08:35 WARNING Auth service response delay detected
2026-03-02 20:09:41 WARNING Kernel noticed unusual authentication load
2026-03-02 20:10:14 INFO Multiple rapid login attempts logged
2026-03-02 20:11:16 WARNING Configuration integrity warning
2026-03-02 20:12:29 INFO Possible brute force behavior identified
2026-03-02 20:13:06 INFO Possible brute force behavior identified
2026-03-02 20:13:34 WARNING Unexpected network traffic spike
2026-03-02 20:15:03 WARNING Kernel noticed unusual authentication load
2026-03-02 20:16:22 INFO Auth service response delay detected
2026-03-02 20:17:02 WARNING Unexpected network traffic spike
2026-03-02 20:17:35 WARNING Configuration integrity warning
2026-03-02 20:18:11 WARNING Unexpected network traffic spike
2026-03-02 20:18:58 WARNING Configuration integrity warning
2026-03-02 20:20:19 ERROR Security module flagged suspicious activity
2026-03-02 20:20:42 INFO System load increased during auth attempts
2026-03-02 20:22:03 WARNING System load increased during auth attempts
2026-03-02 20:23:25 INFO Kernel noticed unusual authentication load
2026-03-02 20:24:43 INFO Repeated credential mismatch detected
2026-03-02 20:25:05 CRITICAL Repeated credential mismatch detected
2026-03-02 20:26:28 WARNING Security module flagged suspicious activity
2026-03-02 20:27:22 CRITICAL System load increased during auth attempts
2026-03-02 20:27:58 CRITICAL Security module flagged suspicious activity
2026-03-02 20:29:26 ERROR System load increased during auth attempts
2026-03-02 20:30:49 CRITICAL Auth service response delay detected
2026-03-02 20:32:05 INFO Possible brute force behavior identified
2026-03-02 20:33:34 CRITICAL System load increased during auth attempts
2026-03-02 20:34:16 INFO Configuration integrity warning
2026-03-02 20:35:14 CRITICAL System load increased during auth attempts
2026-03-02 20:35:49 CRITICAL Kernel noticed unusual authentication load
2026-03-02 20:36:31 CRITICAL Multiple rapid login attempts logged
2026-03-03 04:37:09 CRITICAL Unexpected network traffic spike
2026-03-03 04:37:57 CRITICAL Subsystem reported anomaly in request patterns
2026-03-03 04:39:16 WARNING Subsystem reported anomaly in request patterns
2026-03-03 04:39:55 CRITICAL System load increased during auth attempts
2026-03-03 04:40:25 WARNING System load increased during auth attempts
2026-03-03 04:40:57 INFO Kernel noticed unusual authentication load
2026-03-03 04:41:57 CRITICAL System load increased during auth attempts
2026-03-03 04:43:10 INFO Multiple rapid login attempts logged
2026-03-03 04:44:31 INFO System load increased during auth attempts
2026-03-03 04:45:28 WARNING Possible brute force behavior identified
2026-03-03 04:46:47 WARNING Subsystem reported anomaly in request patterns
2026-03-03 04:48:17 ERROR Configuration integrity warning
2026-03-03 04:49:46 INFO Possible brute force behavior identified
2026-03-03 04:50:50 WARNING Multiple rapid login attempts logged
2026-03-03 04:51:36 CRITICAL Security module flagged suspicious activity
2026-03-03 04:52:45 WARNING Security module flagged suspicious activity
2026-03-03 04:53:49 ERROR Subsystem reported anomaly in request patterns
2026-03-03 04:54:49 INFO Possible brute force behavior identified
2026-03-03 04:55:43 WARNING Multiple rapid login attempts logged
2026-03-03 04:56:54 ERROR System load increased during auth attempts
2026-03-03 04:58:05 ERROR Configuration integrity warning
2026-03-03 04:58:31 ERROR Security module flagged suspicious activity
2026-03-03 04:59:48 CRITICAL Multiple rapid login attempts logged
2026-03-03 05:01:17 CRITICAL Subsystem reported anomaly in request patterns
2026-03-03 05:02:06 WARNING Kernel noticed unusual authentication load
2026-03-03 05:03:23 ERROR Kernel noticed unusual authentication load
2026-03-03 05:04:53 CRITICAL Multiple rapid login attempts logged
2026-03-03 05:05:18 INFO Configuration integrity warning
2026-03-03 05:06:26 INFO Repeated credential mismatch detected
2026-03-03 05:07:20 ERROR Unexpected network traffic spike
2026-03-03 05:07:43 INFO Unexpected network traffic spike
2026-03-03 05:08:32 ERROR Multiple rapid login attempts logged
2026-03-03 05:09:09 WARNING Possible brute force behavior identified
2026-03-03 05:10:04 ERROR System load increased during auth attempts
2026-03-03 05:10:27 CRITICAL Auth service response delay detected
2026-03-03 05:11:29 CRITICAL Security module flagged suspicious activity
2026-03-03 05:12:43 ERROR Security module flagged suspicious activity
2026-03-03 05:13:17 CRITICAL Security module flagged suspicious activity
2026-03-03 05:14:39 ERROR Multiple rapid login attempts logged
2026-03-03 05:15:19 INFO Repeated credential mismatch detected
2026-03-03 13:16:42 ERROR Configuration integrity warning
2026-03-03 13:18:12 ERROR Subsystem reported anomaly in request patterns
2026-03-03 13:18:52 CRITICAL Possible brute force behavior identified
2026-03-03 13:20:09 INFO Auth service response delay detected
2026-03-03 13:20:55 CRITICAL System load increased during auth attempts
2026-03-03 13:21:15 CRITICAL Possible brute force behavior identified
2026-03-03 13:21:35 WARNING Kernel noticed unusual authentication load
2026-03-03 13:22:28 CRITICAL Unexpected network traffic spike
2026-03-03 13:23:06 WARNING Auth service response delay detected
2026-03-03 13:23:42 ERROR Subsystem reported anomaly in request patterns
2026-03-03 13:25:00 INFO Auth service response delay detected
2026-03-03 13:25:40 ERROR Security module flagged suspicious activity
2026-03-03 13:26:54 WARNING Repeated credential mismatch detected
2026-03-03 13:27:31 ERROR Configuration integrity warning
2026-03-03 13:28:32 CRITICAL Subsystem reported anomaly in request patterns
2026-03-03 13:29:25 WARNING Unexpected network traffic spike
2026-03-03 13:30:36 INFO Multiple rapid login attempts logged
2026-03-03 13:31:16 INFO Configuration integrity warning
2026-03-03 13:31:52 CRITICAL Repeated credential mismatch detected
2026-03-03 13:33:17 ERROR Configuration integrity warning
2026-03-03 13:34:00 INFO Repeated credential mismatch detected
2026-03-03 13:35:20 INFO System load increased during auth attempts
2026-03-03 13:36:19 INFO Kernel noticed unusual authentication load
2026-03-03 13:37:01 INFO System load increased during auth attempts
2026-03-03 13:37:55 INFO Configuration integrity warning
2026-03-03 13:38:21 WARNING Kernel noticed unusual authentication load
2026-03-03 13:39:16 CRITICAL Subsystem reported anomaly in request patterns
2026-03-03 13:40:11 ERROR System load increased during auth attempts
2026-03-03 13:40:47 ERROR Unexpected network traffic spike
2026-03-03 13:41:51 WARNING Configuration integrity warning
2026-03-03 13:42:42 ERROR Multiple rapid login attempts logged
2026-03-03 13:43:18 INFO Possible brute force behavior identified
2026-03-03 13:44:44 ERROR System load increased during auth attempts
2026-03-03 13:46:12 ERROR Repeated credential mismatch detected
2026-03-03 13:46:37 ERROR Possible brute force behavior identified
2026-03-03 13:47:05 WARNING Repeated credential mismatch detected
2026-03-03 13:48:00 CRITICAL Security module flagged suspicious activity
2026-03-03 13:49:17 INFO Possible brute force behavior identified
2026-03-03 13:50:10 CRITICAL Multiple rapid login attempts logged
2026-03-03 13:50:41 INFO System load increased during auth attempts
2026-03-03 13:52:00 WARNING Possible brute force behavior identified
2026-03-03 13:52:41 ERROR Configuration integrity warning
2026-03-03 13:53:43 INFO Security module flagged suspicious activity
2026-03-03 13:55:06 ERROR Multiple rapid login attempts logged
2026-03-03 13:55:46 INFO Repeated credential mismatch detected
2026-03-03 13:57:12 ERROR Security module flagged suspicious activity
2026-03-03 13:58:37 ERROR Security module flagged suspicious activity
2026-03-03 13:59:46 ERROR Multiple rapid login attempts logged
2026-03-03 14:00:25 CRITICAL Subsystem reported anomaly in request patterns
2026-03-03 14:01:10 ERROR System load increased during auth attempts
2026-03-03 14:02:34 WARNING Subsystem reported anomaly in request patterns
2026-03-03 14:04:01 CRITICAL System load increased during auth attempts
2026-03-03 14:04:22 WARNING Multiple rapid login attempts logged
2026-03-03 14:05:10 INFO Auth service response delay detected
2026-03-03 14:06:20 WARNING Repeated credential mismatch detected
2026-03-03 14:06:46 WARNING Possible brute force behavior identified
2026-03-03 14:07:36 INFO System load increased during auth attempts
2026-03-03 14:08:10 WARNING Repeated credential mismatch detected
2026-03-03 14:08:42 INFO Kernel noticed unusual authentication load